[2025-10-26 15:31:58] - [main] - [DEBUG] - Root endpoint request
[2025-10-26 21:55:04] - [main] - [INFO] - WalkiService iniciando...
[2025-10-26 21:55:04] - [main] - [INFO] - Ambiente: development
[2025-10-26 21:56:45] - [main] - [INFO] - WalkiService detenido
[2025-10-26 21:56:46] - [main] - [INFO] - WalkiService iniciando...
[2025-10-26 21:56:46] - [main] - [INFO] - Ambiente: development
[2025-10-26 21:58:23] - [main] - [INFO] - WalkiService detenido
[2025-10-26 21:58:27] - [main] - [INFO] - WalkiService iniciando...
[2025-10-26 21:58:27] - [main] - [INFO] - Ambiente: development
[2025-10-26 22:01:07] - [main] - [WARNING] - Ruta no encontrada: /api/v1/auth/request-password-reset
[2025-10-26 22:01:07] - [main] - [INFO] - GET /api/v1/auth/request-password-reset - 404 (0.189s)
[2025-10-26 22:01:09] - [main] - [WARNING] - Ruta no encontrada: /favicon.ico
[2025-10-26 22:01:09] - [main] - [INFO] - GET /favicon.ico - 404 (0.034s)
[2025-10-26 22:03:05] - [main] - [WARNING] - Ruta no encontrada: /api/v1/auth/request-password-reset
[2025-10-26 22:03:05] - [main] - [INFO] - GET /api/v1/auth/request-password-reset - 404 (0.122s)
[2025-10-26 22:08:13] - [main] - [INFO] - WalkiService detenido
[2025-10-26 22:08:14] - [main] - [INFO] - WalkiService iniciando...
[2025-10-26 22:08:14] - [main] - [INFO] - Ambiente: development
[2025-10-26 22:08:18] - [main] - [INFO] - WalkiService detenido
[2025-10-26 22:08:23] - [main] - [INFO] - WalkiService iniciando...
[2025-10-26 22:08:23] - [main] - [INFO] - Ambiente: development
[2025-10-26 22:08:27] - [main] - [INFO] - REQUEST: GET /api/v1/auth/request-password-reset
[2025-10-26 22:08:27] - [main] - [WARNING] - Ruta no encontrada: /api/v1/auth/request-password-reset
[2025-10-26 22:08:27] - [main] - [INFO] - RESPONSE: 404 (0.001s)
[2025-10-26 22:08:41] - [main] - [INFO] - REQUEST: POST /api/v1/auth/request-password-reset
[2025-10-26 22:08:41] - [main] - [INFO] - RESPONSE: 422 (0.018s)
[2025-10-26 22:12:11] - [main] - [INFO] - WalkiService detenido
[2025-10-26 22:12:12] - [main] - [INFO] - WalkiService iniciando...
[2025-10-26 22:12:12] - [main] - [INFO] - Ambiente: development
[2025-10-26 22:12:27] - [main] - [INFO] - REQUEST: GET /api/v1/auth/request-password-reset
[2025-10-26 22:12:27] - [main] - [WARNING] - Ruta no encontrada: /api/v1/auth/request-password-reset
[2025-10-26 22:12:27] - [main] - [INFO] - RESPONSE: 404 (0.003s)
[2025-10-26 22:13:15] - [main] - [INFO] - WalkiService detenido
[2025-10-26 22:13:16] - [main] - [INFO] - WalkiService iniciando...
[2025-10-26 22:13:16] - [main] - [INFO] - Ambiente: development
[2025-10-26 22:13:25] - [main] - [INFO] - REQUEST: GET /api/v1/auth/request-password-reset
[2025-10-26 22:13:44] - [main] - [INFO] - WalkiService detenido
[2025-10-26 22:13:45] - [main] - [INFO] - WalkiService iniciando...
[2025-10-26 22:13:45] - [main] - [INFO] - Ambiente: development
[2025-10-26 22:14:32] - [main] - [INFO] - WalkiService detenido
[2025-10-26 22:14:33] - [main] - [INFO] - WalkiService iniciando...
[2025-10-26 22:14:33] - [main] - [INFO] - Ambiente: development
[2025-10-26 22:14:43] - [main] - [INFO] - WalkiService detenido
[2025-10-26 22:14:44] - [main] - [INFO] - WalkiService iniciando...
[2025-10-26 22:14:44] - [main] - [INFO] - Ambiente: development
[2025-10-26 22:14:46] - [main] - [INFO] - WalkiService detenido
[2025-10-26 22:14:50] - [main] - [INFO] - WalkiService iniciando...
[2025-10-26 22:14:50] - [main] - [INFO] - Ambiente: development
[2025-10-26 22:14:55] - [main] - [INFO] - REQUEST: GET /api/v1/auth/request-password-reset
[2025-10-26 22:15:47] - [main] - [INFO] - WalkiService detenido
[2025-10-26 22:15:58] - [main] - [INFO] - WalkiService iniciando...
[2025-10-26 22:15:58] - [main] - [INFO] - Ambiente: development
[2025-10-26 22:16:38] - [main] - [INFO] - WalkiService detenido
